This file contains any messages produced by compilers while
running configure, to aid debugging if configure makes a mistake.

It was created by OpenFetion configure 1.5, which was
generated by GNU Autoconf 2.63.  Invocation command line was

  $ ./configure 

## --------- ##
## Platform. ##
## --------- ##

hostname = levin
uname -m = i686
uname -r = 2.6.29.6-smp
uname -s = Linux
uname -v = #2 SMP Mon Aug 17 00:52:54 CDT 2009

/usr/bin/uname -p = Intel(R) Core(TM)2 Duo CPU     P8600  @ 2.40GHz
/bin/uname -X     = unknown

/bin/arch              = i686
/usr/bin/arch -k       = unknown
/usr/convex/getsysinfo = unknown
/usr/bin/hostinfo      = unknown
/bin/machine           = unknown
/usr/bin/oslevel       = unknown
/bin/universe          = unknown

PATH: /usr/local/bin
PATH: /usr/bin
PATH: /bin
PATH: /usr/games
PATH: /sbin
PATH: /usr/bin
PATH: /usr/lib/java/bin
PATH: /usr/lib/kde4/libexec
PATH: /usr/kerberos/bin
PATH: /usr/lib/qt/bin
PATH: /usr/share/texmf/bin
PATH: .


## ----------- ##
## Core tests. ##
## ----------- ##

configure:1903: checking for a BSD-compatible install
configure:1971: result: /usr/bin/ginstall -c
configure:1982: checking whether build environment is sane
configure:2025: result: yes
configure:2050: checking for a thread-safe mkdir -p
configure:2089: result: /usr/bin/mkdir -p
configure:2102: checking for gawk
configure:2118: found /usr/bin/gawk
configure:2129: result: gawk
configure:2140: checking whether make sets $(MAKE)
configure:2162: result: yes
configure:2396: checking for gcc
configure:2412: found /usr/bin/gcc
configure:2423: result: gcc
configure:2655: checking for C compiler version
configure:2663: gcc --version >&5
gcc (GCC) 4.3.3
Copyright (C) 2008 Free Software Foundation, Inc.
This is free software; see the source for copying conditions.  There is NO
warranty; not even for MERCHANTABILITY or FITNESS FOR A PARTICULAR PURPOSE.

configure:2667: $? = 0
configure:2674: gcc -v >&5
Reading specs from /usr/lib/gcc/i486-slackware-linux/4.3.3/specs
Target: i486-slackware-linux
Configured with: ../gcc-4.3.3/configure --prefix=/usr --libdir=/usr/lib --enable-shared --enable-bootstrap --enable-languages=ada,c,c++,fortran,java,objc --enable-threads=posix --enable-checking=release --with-system-zlib --disable-libunwind-exceptions --enable-__cxa_atexit --enable-libssp --with-gnu-ld --verbose --with-arch=i486 --target=i486-slackware-linux --build=i486-slackware-linux --host=i486-slackware-linux
Thread model: posix
gcc version 4.3.3 (GCC) 
configure:2678: $? = 0
configure:2685: gcc -V >&5
gcc: '-V' option must have argument
configure:2689: $? = 1
configure:2712: checking for C compiler default output file name
configure:2734: gcc    conftest.c  >&5
configure:2738: $? = 0
configure:2776: result: a.out
configure:2795: checking whether the C compiler works
configure:2805: ./a.out
configure:2809: $? = 0
configure:2828: result: yes
configure:2835: checking whether we are cross compiling
configure:2837: result: no
configure:2840: checking for suffix of executables
configure:2847: gcc -o conftest    conftest.c  >&5
configure:2851: $? = 0
configure:2877: result: 
configure:2883: checking for suffix of object files
configure:2909: gcc -c   conftest.c >&5
configure:2913: $? = 0
configure:2938: result: o
configure:2942: checking whether we are using the GNU C compiler
configure:2971: gcc -c   conftest.c >&5
configure:2978: $? = 0
configure:2995: result: yes
configure:3004: checking whether gcc accepts -g
configure:3034: gcc -c -g  conftest.c >&5
configure:3041: $? = 0
configure:3142: result: yes
configure:3159: checking for gcc option to accept ISO C89
configure:3233: gcc  -c -g -O2  conftest.c >&5
configure:3240: $? = 0
configure:3263: result: none needed
configure:3292: checking for style of include used by make
configure:3320: result: GNU
configure:3345: checking dependency style of gcc
configure:3436: result: gcc3
configure:3453: checking whether gcc and cc understand -c and -o together
configure:3488: gcc -c conftest.c -o conftest2.o >&5
configure:3492: $? = 0
configure:3498: gcc -c conftest.c -o conftest2.o >&5
configure:3502: $? = 0
configure:3513: cc -c conftest.c >&5
configure:3517: $? = 0
configure:3525: cc -c conftest.c -o conftest2.o >&5
configure:3529: $? = 0
configure:3535: cc -c conftest.c -o conftest2.o >&5
configure:3539: $? = 0
configure:3557: result: yes
configure:3598: checking for a BSD-compatible install
configure:3666: result: /usr/bin/ginstall -c
configure:3682: checking for main in -lcrypto
configure:3711: gcc -o conftest -g -O2   conftest.c -lcrypto   >&5
configure:3718: $? = 0
configure:3739: result: yes
configure:3752: checking for main in -lnotify
configure:3781: gcc -o conftest -g -O2   conftest.c -lnotify  -lcrypto  >&5
/usr/lib/gcc/i486-slackware-linux/4.3.3/../../../../i486-slackware-linux/bin/ld: cannot find -lnotify
collect2: ld returned 1 exit status
configure:3788: $? = 1
configure: failed program was:
| /* confdefs.h.  */
| #define PACKAGE_NAME "OpenFetion"
| #define PACKAGE_TARNAME "openfetion"
| #define PACKAGE_VERSION "1.5"
| #define PACKAGE_STRING "OpenFetion 1.5"
| #define PACKAGE_BUGREPORT "http://basiccoder.com/openfetion"
| #define PACKAGE "openfetion"
| #define VERSION "1.5"
| #define HAVE_LIBCRYPTO 1
| /* end confdefs.h.  */
| 
| 
| int
| main ()
| {
| return main ();
|   ;
|   return 0;
| }
configure:3809: result: no
configure:3822: checking for main in -lpthread
configure:3851: gcc -o conftest -g -O2   conftest.c -lpthread  -lcrypto  >&5
configure:3858: $? = 0
configure:3879: result: yes
configure:3892: checking for main in -lssl
configure:3921: gcc -o conftest -g -O2   conftest.c -lssl  -lpthread -lcrypto  >&5
configure:3928: $? = 0
configure:3949: result: yes
configure:3967: checking how to run the C preprocessor
configure:4007: gcc -E  conftest.c
configure:4014: $? = 0
configure:4045: gcc -E  conftest.c
conftest.c:13:28: error: ac_nonexistent.h: No such file or directory
configure:4052: $? = 1
configure: failed program was:
| /* confdefs.h.  */
| #define PACKAGE_NAME "OpenFetion"
| #define PACKAGE_TARNAME "openfetion"
| #define PACKAGE_VERSION "1.5"
| #define PACKAGE_STRING "OpenFetion 1.5"
| #define PACKAGE_BUGREPORT "http://basiccoder.com/openfetion"
| #define PACKAGE "openfetion"
| #define VERSION "1.5"
| #define HAVE_LIBCRYPTO 1
| #define HAVE_LIBPTHREAD 1
| #define HAVE_LIBSSL 1
| /* end confdefs.h.  */
| #include <ac_nonexistent.h>
configure:4085: result: gcc -E
configure:4114: gcc -E  conftest.c
configure:4121: $? = 0
configure:4152: gcc -E  conftest.c
conftest.c:13:28: error: ac_nonexistent.h: No such file or directory
configure:4159: $? = 1
configure: failed program was:
| /* confdefs.h.  */
| #define PACKAGE_NAME "OpenFetion"
| #define PACKAGE_TARNAME "openfetion"
| #define PACKAGE_VERSION "1.5"
| #define PACKAGE_STRING "OpenFetion 1.5"
| #define PACKAGE_BUGREPORT "http://basiccoder.com/openfetion"
| #define PACKAGE "openfetion"
| #define VERSION "1.5"
| #define HAVE_LIBCRYPTO 1
| #define HAVE_LIBPTHREAD 1
| #define HAVE_LIBSSL 1
| /* end confdefs.h.  */
| #include <ac_nonexistent.h>
configure:4199: checking for grep that handles long lines and -e
configure:4259: result: /usr/bin/grep
configure:4264: checking for egrep
configure:4328: result: /usr/bin/grep -E
configure:4333: checking for ANSI C header files
configure:4363: gcc -c -g -O2  conftest.c >&5
configure:4370: $? = 0
configure:4469: gcc -o conftest -g -O2   conftest.c -lssl -lpthread -lcrypto  >&5
configure:4473: $? = 0
configure:4479: ./conftest
configure:4483: $? = 0
configure:4501: result: yes
configure:4525: checking for sys/types.h
configure:4546: gcc -c -g -O2  conftest.c >&5
configure:4553: $? = 0
configure:4570: result: yes
configure:4525: checking for sys/stat.h
configure:4546: gcc -c -g -O2  conftest.c >&5
configure:4553: $? = 0
configure:4570: result: yes
configure:4525: checking for stdlib.h
configure:4546: gcc -c -g -O2  conftest.c >&5
configure:4553: $? = 0
configure:4570: result: yes
configure:4525: checking for string.h
configure:4546: gcc -c -g -O2  conftest.c >&5
configure:4553: $? = 0
configure:4570: result: yes
configure:4525: checking for memory.h
configure:4546: gcc -c -g -O2  conftest.c >&5
configure:4553: $? = 0
configure:4570: result: yes
configure:4525: checking for strings.h
configure:4546: gcc -c -g -O2  conftest.c >&5
configure:4553: $? = 0
configure:4570: result: yes
configure:4525: checking for inttypes.h
configure:4546: gcc -c -g -O2  conftest.c >&5
configure:4553: $? = 0
configure:4570: result: yes
configure:4525: checking for stdint.h
configure:4546: gcc -c -g -O2  conftest.c >&5
configure:4553: $? = 0
configure:4570: result: yes
configure:4525: checking for unistd.h
configure:4546: gcc -c -g -O2  conftest.c >&5
configure:4553: $? = 0
configure:4570: result: yes
configure:4609: checking arpa/inet.h usability
configure:4626: gcc -c -g -O2  conftest.c >&5
configure:4633: $? = 0
configure:4647: result: yes
configure:4651: checking arpa/inet.h presence
configure:4666: gcc -E  conftest.c
configure:4673: $? = 0
configure:4687: result: yes
configure:4720: checking for arpa/inet.h
configure:4729: result: yes
configure:4609: checking fcntl.h usability
configure:4626: gcc -c -g -O2  conftest.c >&5
configure:4633: $? = 0
configure:4647: result: yes
configure:4651: checking fcntl.h presence
configure:4666: gcc -E  conftest.c
configure:4673: $? = 0
configure:4687: result: yes
configure:4720: checking for fcntl.h
configure:4729: result: yes
configure:4609: checking netdb.h usability
configure:4626: gcc -c -g -O2  conftest.c >&5
configure:4633: $? = 0
configure:4647: result: yes
configure:4651: checking netdb.h presence
configure:4666: gcc -E  conftest.c
configure:4673: $? = 0
configure:4687: result: yes
configure:4720: checking for netdb.h
configure:4729: result: yes
configure:4609: checking netinet/in.h usability
configure:4626: gcc -c -g -O2  conftest.c >&5
configure:4633: $? = 0
configure:4647: result: yes
configure:4651: checking netinet/in.h presence
configure:4666: gcc -E  conftest.c
configure:4673: $? = 0
configure:4687: result: yes
configure:4720: checking for netinet/in.h
configure:4729: result: yes
configure:4598: checking for stdint.h
configure:4605: result: yes
configure:4598: checking for stdlib.h
configure:4605: result: yes
configure:4598: checking for string.h
configure:4605: result: yes
configure:4609: checking sys/ioctl.h usability
configure:4626: gcc -c -g -O2  conftest.c >&5
configure:4633: $? = 0
configure:4647: result: yes
configure:4651: checking sys/ioctl.h presence
configure:4666: gcc -E  conftest.c
configure:4673: $? = 0
configure:4687: result: yes
configure:4720: checking for sys/ioctl.h
configure:4729: result: yes
configure:4609: checking sys/socket.h usability
configure:4626: gcc -c -g -O2  conftest.c >&5
configure:4633: $? = 0
configure:4647: result: yes
configure:4651: checking sys/socket.h presence
configure:4666: gcc -E  conftest.c
configure:4673: $? = 0
configure:4687: result: yes
configure:4720: checking for sys/socket.h
configure:4729: result: yes
configure:4598: checking for unistd.h
configure:4605: result: yes
configure:4768: checking for pkg-config
configure:4786: found /usr/bin/pkg-config
configure:4799: result: /usr/bin/pkg-config
configure:4821: checking for GTK+ - version >= 2.0.0
configure:4941: gcc -o conftest -g -O2 -I/usr/include/gtk-2.0 -I/usr/lib/gtk-2.0/include -I/usr/include/atk-1.0 -I/usr/include/cairo -I/usr/include/pango-1.0 -I/usr/include/glib-2.0 -I/usr/lib/glib-2.0/include -I/usr/include/pixman-1 -I/usr/include/freetype2 -I/usr/include/libpng12     conftest.c -lgtk-x11-2.0 -lgdk-x11-2.0 -latk-1.0 -lgio-2.0 -lpangoft2-1.0 -lgdk_pixbuf-2.0 -lpangocairo-1.0 -lcairo -lpango-1.0 -lfreetype -lfontconfig -lgobject-2.0 -lgmodule-2.0 -lglib-2.0   -lssl -lpthread -lcrypto  >&5
configure:4945: $? = 0
configure:4951: ./conftest
configure:4955: $? = 0
configure:4976: result: yes (version 2.14.7)
configure:5109: checking for xml2-config
configure:5127: found /usr/bin/xml2-config
configure:5140: result: /usr/bin/xml2-config
configure:5149: checking for libxml - version >= 2.0.0
configure:5261: gcc -o conftest -g -O2  -I/usr/include/libxml2  conftest.c -lxml2 -lz -lm -lssl -lpthread -lcrypto  >&5
configure:5265: $? = 0
configure:5271: ./conftest
configure:5275: $? = 0
configure:5297: result: yes (version 2.7.3)
configure:5497: checking pkg-config is at least version 0.9.0
configure:5500: result: yes
configure:5511: checking for GSTREAMER
configure:5518: $PKG_CONFIG --exists --print-errors "gstreamer-0.10"
configure:5521: $? = 0
configure:5534: $PKG_CONFIG --exists --print-errors "gstreamer-0.10"
configure:5537: $? = 0
configure:5572: result: yes
configure:5594: checking for pid_t
configure:5622: gcc -c -g -O2  conftest.c >&5
configure:5629: $? = 0
configure:5656: gcc -c -g -O2  conftest.c >&5
conftest.c: In function 'main':
conftest.c:70: error: expected expression before ')' token
configure:5663: $? = 1
configure: failed program was:
| /* confdefs.h.  */
| #define PACKAGE_NAME "OpenFetion"
| #define PACKAGE_TARNAME "openfetion"
| #define PACKAGE_VERSION "1.5"
| #define PACKAGE_STRING "OpenFetion 1.5"
| #define PACKAGE_BUGREPORT "http://basiccoder.com/openfetion"
| #define PACKAGE "openfetion"
| #define VERSION "1.5"
| #define HAVE_LIBCRYPTO 1
| #define HAVE_LIBPTHREAD 1
| #define HAVE_LIBSSL 1
| #define STDC_HEADERS 1
| #define HAVE_SYS_TYPES_H 1
| #define HAVE_SYS_STAT_H 1
| #define HAVE_STDLIB_H 1
| #define HAVE_STRING_H 1
| #define HAVE_MEMORY_H 1
| #define HAVE_STRINGS_H 1
| #define HAVE_INTTYPES_H 1
| #define HAVE_STDINT_H 1
| #define HAVE_UNISTD_H 1
| #define HAVE_ARPA_INET_H 1
| #define HAVE_FCNTL_H 1
| #define HAVE_NETDB_H 1
| #define HAVE_NETINET_IN_H 1
| #define HAVE_STDINT_H 1
| #define HAVE_STDLIB_H 1
| #define HAVE_STRING_H 1
| #define HAVE_SYS_IOCTL_H 1
| #define HAVE_SYS_SOCKET_H 1
| #define HAVE_UNISTD_H 1
| #define USE_GSTREAMER 1
| /* end confdefs.h.  */
| #include <stdio.h>
| #ifdef HAVE_SYS_TYPES_H
| # include <sys/types.h>
| #endif
| #ifdef HAVE_SYS_STAT_H
| # include <sys/stat.h>
| #endif
| #ifdef STDC_HEADERS
| # include <stdlib.h>
| # include <stddef.h>
| #else
| # ifdef HAVE_STDLIB_H
| #  include <stdlib.h>
| # endif
| #endif
| #ifdef HAVE_STRING_H
| # if !defined STDC_HEADERS && defined HAVE_MEMORY_H
| #  include <memory.h>
| # endif
| # include <string.h>
| #endif
| #ifdef HAVE_STRINGS_H
| # include <strings.h>
| #endif
| #ifdef HAVE_INTTYPES_H
| # include <inttypes.h>
| #endif
| #ifdef HAVE_STDINT_H
| # include <stdint.h>
| #endif
| #ifdef HAVE_UNISTD_H
| # include <unistd.h>
| #endif
| int
| main ()
| {
| if (sizeof ((pid_t)))
| 	  return 0;
|   ;
|   return 0;
| }
configure:5686: result: yes
configure:5714: checking vfork.h usability
configure:5731: gcc -c -g -O2  conftest.c >&5
conftest.c:67:19: error: vfork.h: No such file or directory
configure:5738: $? = 1
configure: failed program was:
| /* confdefs.h.  */
| #define PACKAGE_NAME "OpenFetion"
| #define PACKAGE_TARNAME "openfetion"
| #define PACKAGE_VERSION "1.5"
| #define PACKAGE_STRING "OpenFetion 1.5"
| #define PACKAGE_BUGREPORT "http://basiccoder.com/openfetion"
| #define PACKAGE "openfetion"
| #define VERSION "1.5"
| #define HAVE_LIBCRYPTO 1
| #define HAVE_LIBPTHREAD 1
| #define HAVE_LIBSSL 1
| #define STDC_HEADERS 1
| #define HAVE_SYS_TYPES_H 1
| #define HAVE_SYS_STAT_H 1
| #define HAVE_STDLIB_H 1
| #define HAVE_STRING_H 1
| #define HAVE_MEMORY_H 1
| #define HAVE_STRINGS_H 1
| #define HAVE_INTTYPES_H 1
| #define HAVE_STDINT_H 1
| #define HAVE_UNISTD_H 1
| #define HAVE_ARPA_INET_H 1
| #define HAVE_FCNTL_H 1
| #define HAVE_NETDB_H 1
| #define HAVE_NETINET_IN_H 1
| #define HAVE_STDINT_H 1
| #define HAVE_STDLIB_H 1
| #define HAVE_STRING_H 1
| #define HAVE_SYS_IOCTL_H 1
| #define HAVE_SYS_SOCKET_H 1
| #define HAVE_UNISTD_H 1
| #define USE_GSTREAMER 1
| /* end confdefs.h.  */
| #include <stdio.h>
| #ifdef HAVE_SYS_TYPES_H
| # include <sys/types.h>
| #endif
| #ifdef HAVE_SYS_STAT_H
| # include <sys/stat.h>
| #endif
| #ifdef STDC_HEADERS
| # include <stdlib.h>
| # include <stddef.h>
| #else
| # ifdef HAVE_STDLIB_H
| #  include <stdlib.h>
| # endif
| #endif
| #ifdef HAVE_STRING_H
| # if !defined STDC_HEADERS && defined HAVE_MEMORY_H
| #  include <memory.h>
| # endif
| # include <string.h>
| #endif
| #ifdef HAVE_STRINGS_H
| # include <strings.h>
| #endif
| #ifdef HAVE_INTTYPES_H
| # include <inttypes.h>
| #endif
| #ifdef HAVE_STDINT_H
| # include <stdint.h>
| #endif
| #ifdef HAVE_UNISTD_H
| # include <unistd.h>
| #endif
| #include <vfork.h>
configure:5752: result: no
configure:5756: checking vfork.h presence
configure:5771: gcc -E  conftest.c
conftest.c:34:19: error: vfork.h: No such file or directory
configure:5778: $? = 1
configure: failed program was:
| /* confdefs.h.  */
| #define PACKAGE_NAME "OpenFetion"
| #define PACKAGE_TARNAME "openfetion"
| #define PACKAGE_VERSION "1.5"
| #define PACKAGE_STRING "OpenFetion 1.5"
| #define PACKAGE_BUGREPORT "http://basiccoder.com/openfetion"
| #define PACKAGE "openfetion"
| #define VERSION "1.5"
| #define HAVE_LIBCRYPTO 1
| #define HAVE_LIBPTHREAD 1
| #define HAVE_LIBSSL 1
| #define STDC_HEADERS 1
| #define HAVE_SYS_TYPES_H 1
| #define HAVE_SYS_STAT_H 1
| #define HAVE_STDLIB_H 1
| #define HAVE_STRING_H 1
| #define HAVE_MEMORY_H 1
| #define HAVE_STRINGS_H 1
| #define HAVE_INTTYPES_H 1
| #define HAVE_STDINT_H 1
| #define HAVE_UNISTD_H 1
| #define HAVE_ARPA_INET_H 1
| #define HAVE_FCNTL_H 1
| #define HAVE_NETDB_H 1
| #define HAVE_NETINET_IN_H 1
| #define HAVE_STDINT_H 1
| #define HAVE_STDLIB_H 1
| #define HAVE_STRING_H 1
| #define HAVE_SYS_IOCTL_H 1
| #define HAVE_SYS_SOCKET_H 1
| #define HAVE_UNISTD_H 1
| #define USE_GSTREAMER 1
| /* end confdefs.h.  */
| #include <vfork.h>
configure:5792: result: no
configure:5825: checking for vfork.h
configure:5834: result: no
configure:5854: checking for fork
configure:5910: gcc -o conftest -g -O2   conftest.c -lssl -lpthread -lcrypto  >&5
conftest.c:57: warning: conflicting types for built-in function 'fork'
configure:5917: $? = 0
configure:5939: result: yes
configure:5854: checking for vfork
configure:5910: gcc -o conftest -g -O2   conftest.c -lssl -lpthread -lcrypto  >&5
configure:5917: $? = 0
configure:5939: result: yes
configure:5952: checking for working fork
configure:5984: gcc -o conftest -g -O2   conftest.c -lssl -lpthread -lcrypto  >&5
configure:5988: $? = 0
configure:5994: ./conftest
configure:5998: $? = 0
configure:6015: result: yes
configure:6036: checking for working vfork
configure:6177: result: yes
configure:6213: checking for stdlib.h
configure:6220: result: yes
configure:6359: checking for GNU libc compatible malloc
configure:6393: gcc -o conftest -g -O2   conftest.c -lssl -lpthread -lcrypto  >&5
configure:6397: $? = 0
configure:6403: ./conftest
configure:6407: $? = 0
configure:6424: result: yes
configure:6463: checking for bzero
configure:6519: gcc -o conftest -g -O2   conftest.c -lssl -lpthread -lcrypto  >&5
conftest.c:63: warning: conflicting types for built-in function 'bzero'
configure:6526: $? = 0
configure:6548: result: yes
configure:6463: checking for gethostbyname
configure:6519: gcc -o conftest -g -O2   conftest.c -lssl -lpthread -lcrypto  >&5
configure:6526: $? = 0
configure:6548: result: yes
configure:6463: checking for memset
configure:6519: gcc -o conftest -g -O2   conftest.c -lssl -lpthread -lcrypto  >&5
conftest.c:65: warning: conflicting types for built-in function 'memset'
configure:6526: $? = 0
configure:6548: result: yes
configure:6463: checking for mkdir
configure:6519: gcc -o conftest -g -O2   conftest.c -lssl -lpthread -lcrypto  >&5
configure:6526: $? = 0
configure:6548: result: yes
configure:6463: checking for select
configure:6519: gcc -o conftest -g -O2   conftest.c -lssl -lpthread -lcrypto  >&5
configure:6526: $? = 0
configure:6548: result: yes
configure:6463: checking for socket
configure:6519: gcc -o conftest -g -O2   conftest.c -lssl -lpthread -lcrypto  >&5
configure:6526: $? = 0
configure:6548: result: yes
configure:6463: checking for strstr
configure:6519: gcc -o conftest -g -O2   conftest.c -lssl -lpthread -lcrypto  >&5
conftest.c:69: warning: conflicting types for built-in function 'strstr'
configure:6526: $? = 0
configure:6548: result: yes
configure:6463: checking for strtol
configure:6519: gcc -o conftest -g -O2   conftest.c -lssl -lpthread -lcrypto  >&5
configure:6526: $? = 0
configure:6548: result: yes
configure:6679: creating ./config.status

## ---------------------- ##
## Running config.status. ##
## ---------------------- ##

This file was extended by OpenFetion config.status 1.5, which was
generated by GNU Autoconf 2.63.  Invocation command line was

  CONFIG_FILES    = 
  CONFIG_HEADERS  = 
  CONFIG_LINKS    = 
  CONFIG_COMMANDS = 
  $ ./config.status 

on levin

config.status:813: creating Makefile
config.status:813: creating src/Makefile
config.status:813: creating skin/Makefile
config.status:813: creating skin/face_images/Makefile
config.status:813: creating include/Makefile
config.status:813: creating include/openfetion/Makefile
config.status:813: creating resource/Makefile
config.status:813: creating config.h
config.status:1035: config.h is unchanged
config.status:1087: executing depfiles commands

## ---------------- ##
## Cache variables. ##
## ---------------- ##

ac_cv_c_compiler_gnu=yes
ac_cv_env_CC_set=
ac_cv_env_CC_value=
ac_cv_env_CFLAGS_set=
ac_cv_env_CFLAGS_value=
ac_cv_env_CPPFLAGS_set=
ac_cv_env_CPPFLAGS_value=
ac_cv_env_CPP_set=
ac_cv_env_CPP_value=
ac_cv_env_GSTREAMER_CFLAGS_set=
ac_cv_env_GSTREAMER_CFLAGS_value=
ac_cv_env_GSTREAMER_LIBS_set=
ac_cv_env_GSTREAMER_LIBS_value=
ac_cv_env_LDFLAGS_set=
ac_cv_env_LDFLAGS_value=
ac_cv_env_LIBS_set=
ac_cv_env_LIBS_value=
ac_cv_env_PKG_CONFIG_set=
ac_cv_env_PKG_CONFIG_value=
ac_cv_env_build_alias_set=
ac_cv_env_build_alias_value=
ac_cv_env_host_alias_set=
ac_cv_env_host_alias_value=
ac_cv_env_target_alias_set=
ac_cv_env_target_alias_value=
ac_cv_func_bzero=yes
ac_cv_func_fork=yes
ac_cv_func_fork_works=yes
ac_cv_func_gethostbyname=yes
ac_cv_func_malloc_0_nonnull=yes
ac_cv_func_memset=yes
ac_cv_func_mkdir=yes
ac_cv_func_select=yes
ac_cv_func_socket=yes
ac_cv_func_strstr=yes
ac_cv_func_strtol=yes
ac_cv_func_vfork=yes
ac_cv_func_vfork_works=yes
ac_cv_header_arpa_inet_h=yes
ac_cv_header_fcntl_h=yes
ac_cv_header_inttypes_h=yes
ac_cv_header_memory_h=yes
ac_cv_header_netdb_h=yes
ac_cv_header_netinet_in_h=yes
ac_cv_header_stdc=yes
ac_cv_header_stdint_h=yes
ac_cv_header_stdlib_h=yes
ac_cv_header_string_h=yes
ac_cv_header_strings_h=yes
ac_cv_header_sys_ioctl_h=yes
ac_cv_header_sys_socket_h=yes
ac_cv_header_sys_stat_h=yes
ac_cv_header_sys_types_h=yes
ac_cv_header_unistd_h=yes
ac_cv_header_vfork_h=no
ac_cv_lib_crypto_main=yes
ac_cv_lib_notify_main=no
ac_cv_lib_pthread_main=yes
ac_cv_lib_ssl_main=yes
ac_cv_objext=o
ac_cv_path_EGREP='/usr/bin/grep -E'
ac_cv_path_GREP=/usr/bin/grep
ac_cv_path_PKG_CONFIG=/usr/bin/pkg-config
ac_cv_path_XML2_CONFIG=/usr/bin/xml2-config
ac_cv_path_install='/usr/bin/ginstall -c'
ac_cv_path_mkdir=/usr/bin/mkdir
ac_cv_prog_AWK=gawk
ac_cv_prog_CPP='gcc -E'
ac_cv_prog_ac_ct_CC=gcc
ac_cv_prog_cc_c89=
ac_cv_prog_cc_g=yes
ac_cv_prog_cc_gcc_c_o=yes
ac_cv_prog_make_make_set=yes
ac_cv_type_pid_t=yes
am_cv_CC_dependencies_compiler_type=gcc3
pkg_cv_GSTREAMER_CFLAGS='-pthread -I/usr/include/gstreamer-0.10 -I/usr/include/glib-2.0 -I/usr/lib/glib-2.0/include -I/usr/include/libxml2  '
pkg_cv_GSTREAMER_LIBS='-pthread -lgstreamer-0.10 -lgobject-2.0 -lgmodule-2.0 -lgthread-2.0 -lrt -lxml2 -lglib-2.0  '

## ----------------- ##
## Output variables. ##
## ----------------- ##

ACLOCAL='${SHELL} /home/ouclwp/code/ofetion/missing --run aclocal-1.10'
AMDEPBACKSLASH='\'
AMDEP_FALSE='#'
AMDEP_TRUE=''
AMTAR='${SHELL} /home/ouclwp/code/ofetion/missing --run tar'
AUTOCONF='${SHELL} /home/ouclwp/code/ofetion/missing --run autoconf'
AUTOHEADER='${SHELL} /home/ouclwp/code/ofetion/missing --run autoheader'
AUTOMAKE='${SHELL} /home/ouclwp/code/ofetion/missing --run automake-1.10'
AWK='gawk'
CC='gcc'
CCDEPMODE='depmode=gcc3'
CFLAGS='-g -O2'
CPP='gcc -E'
CPPFLAGS=''
CYGPATH_W='echo'
DEFS='-DHAVE_CONFIG_H'
DEPDIR='.deps'
ECHO_C=''
ECHO_N='-n'
ECHO_T=''
EGREP='/usr/bin/grep -E'
EXEEXT=''
GREP='/usr/bin/grep'
GSTREAMER_CFLAGS='-pthread -I/usr/include/gstreamer-0.10 -I/usr/include/glib-2.0 -I/usr/lib/glib-2.0/include -I/usr/include/libxml2  '
GSTREAMER_LIBS='-pthread -lgstreamer-0.10 -lgobject-2.0 -lgmodule-2.0 -lgthread-2.0 -lrt -lxml2 -lglib-2.0  '
GTK_CFLAGS='-I/usr/include/gtk-2.0 -I/usr/lib/gtk-2.0/include -I/usr/include/atk-1.0 -I/usr/include/cairo -I/usr/include/pango-1.0 -I/usr/include/glib-2.0 -I/usr/lib/glib-2.0/include -I/usr/include/pixman-1 -I/usr/include/freetype2 -I/usr/include/libpng12  '
GTK_LIBS='-lgtk-x11-2.0 -lgdk-x11-2.0 -latk-1.0 -lgio-2.0 -lpangoft2-1.0 -lgdk_pixbuf-2.0 -lpangocairo-1.0 -lcairo -lpango-1.0 -lfreetype -lfontconfig -lgobject-2.0 -lgmodule-2.0 -lglib-2.0  '
INSTALL_DATA='${INSTALL} -m 644'
INSTALL_PROGRAM='${INSTALL}'
INSTALL_SCRIPT='${INSTALL}'
INSTALL_STRIP_PROGRAM='$(install_sh) -c -s'
LDFLAGS=''
LIBOBJS=''
LIBS='-lssl -lpthread -lcrypto '
LTLIBOBJS=''
MAKEINFO='${SHELL} /home/ouclwp/code/ofetion/missing --run makeinfo'
MKDIR_P='/usr/bin/mkdir -p'
OBJEXT='o'
PACKAGE='openfetion'
PACKAGE_BUGREPORT='http://basiccoder.com/openfetion'
PACKAGE_NAME='OpenFetion'
PACKAGE_STRING='OpenFetion 1.5'
PACKAGE_TARNAME='openfetion'
PACKAGE_VERSION='1.5'
PATH_SEPARATOR=':'
PKG_CONFIG='/usr/bin/pkg-config'
SET_MAKE=''
SHELL='/bin/sh'
STRIP=''
VERSION='1.5'
XML2_CONFIG='/usr/bin/xml2-config'
XML_CPPFLAGS='-I/usr/include/libxml2'
XML_LIBS='-lxml2 -lz -lm'
ac_ct_CC='gcc'
am__fastdepCC_FALSE='#'
am__fastdepCC_TRUE=''
am__include='include'
am__isrc=''
am__leading_dot='.'
am__quote=''
am__tar='${AMTAR} chof - "$$tardir"'
am__untar='${AMTAR} xf -'
bindir='${exec_prefix}/bin'
build_alias=''
datadir='${datarootdir}'
datarootdir='${prefix}/share'
docdir='${datarootdir}/doc/${PACKAGE_TARNAME}'
dvidir='${docdir}'
exec_prefix='${prefix}'
host_alias=''
htmldir='${docdir}'
includedir='${prefix}/include'
infodir='${datarootdir}/info'
install_sh='$(SHELL) /home/ouclwp/code/ofetion/install-sh'
libdir='${exec_prefix}/lib'
libexecdir='${exec_prefix}/libexec'
localedir='${datarootdir}/locale'
localstatedir='${prefix}/var'
mandir='${datarootdir}/man'
mkdir_p='/usr/bin/mkdir -p'
oldincludedir='/usr/include'
pdfdir='${docdir}'
prefix='/usr/local'
program_transform_name='s,x,x,'
psdir='${docdir}'
sbindir='${exec_prefix}/sbin'
sharedstatedir='${prefix}/com'
sysconfdir='${prefix}/etc'
target_alias=''

## ----------- ##
## confdefs.h. ##
## ----------- ##

#define PACKAGE_NAME "OpenFetion"
#define PACKAGE_TARNAME "openfetion"
#define PACKAGE_VERSION "1.5"
#define PACKAGE_STRING "OpenFetion 1.5"
#define PACKAGE_BUGREPORT "http://basiccoder.com/openfetion"
#define PACKAGE "openfetion"
#define VERSION "1.5"
#define HAVE_LIBCRYPTO 1
#define HAVE_LIBPTHREAD 1
#define HAVE_LIBSSL 1
#define STDC_HEADERS 1
#define HAVE_SYS_TYPES_H 1
#define HAVE_SYS_STAT_H 1
#define HAVE_STDLIB_H 1
#define HAVE_STRING_H 1
#define HAVE_MEMORY_H 1
#define HAVE_STRINGS_H 1
#define HAVE_INTTYPES_H 1
#define HAVE_STDINT_H 1
#define HAVE_UNISTD_H 1
#define HAVE_ARPA_INET_H 1
#define HAVE_FCNTL_H 1
#define HAVE_NETDB_H 1
#define HAVE_NETINET_IN_H 1
#define HAVE_STDINT_H 1
#define HAVE_STDLIB_H 1
#define HAVE_STRING_H 1
#define HAVE_SYS_IOCTL_H 1
#define HAVE_SYS_SOCKET_H 1
#define HAVE_UNISTD_H 1
#define USE_GSTREAMER 1
#define HAVE_FORK 1
#define HAVE_VFORK 1
#define HAVE_WORKING_VFORK 1
#define HAVE_WORKING_FORK 1
#define HAVE_STDLIB_H 1
#define HAVE_MALLOC 1
#define HAVE_BZERO 1
#define HAVE_GETHOSTBYNAME 1
#define HAVE_MEMSET 1
#define HAVE_MKDIR 1
#define HAVE_SELECT 1
#define HAVE_SOCKET 1
#define HAVE_STRSTR 1
#define HAVE_STRTOL 1

configure: exit 0
